Determining if the pthread_create exist failed with the following output:
Change Dir: /home/yons/imrs_pm_stereo/build/CMakeFiles/CMakeTmp

Run Build Command:"/usr/bin/make" "cmTC_d1c56/fast"
/usr/bin/make -f CMakeFiles/cmTC_d1c56.dir/build.make CMakeFiles/cmTC_d1c56.dir/build
make[1]: 进入目录“/home/yons/imrs_pm_stereo/build/CMakeFiles/CMakeTmp”
Building C object CMakeFiles/cmTC_d1c56.dir/CheckSymbolExists.c.o
/usr/bin/x86_64-linux-gnu-gcc-7    -o CMakeFiles/cmTC_d1c56.dir/CheckSymbolExists.c.o   -c /home/yons/imrs_pm_stereo/build/CMakeFiles/CMakeTmp/CheckSymbolExists.c
Linking C executable cmTC_d1c56
/usr/bin/cmake -E cmake_link_script CMakeFiles/cmTC_d1c56.dir/link.txt --verbose=1
/usr/bin/x86_64-linux-gnu-gcc-7      -rdynamic CMakeFiles/cmTC_d1c56.dir/CheckSymbolExists.c.o  -o cmTC_d1c56 
CMakeFiles/cmTC_d1c56.dir/CheckSymbolExists.c.o：在函数‘main’中：
CheckSymbolExists.c:(.text+0x1b)：对‘pthread_create’未定义的引用
collect2: error: ld returned 1 exit status
CMakeFiles/cmTC_d1c56.dir/build.make:97: recipe for target 'cmTC_d1c56' failed
make[1]: *** [cmTC_d1c56] Error 1
make[1]: 离开目录“/home/yons/imrs_pm_stereo/build/CMakeFiles/CMakeTmp”
Makefile:126: recipe for target 'cmTC_d1c56/fast' failed
make: *** [cmTC_d1c56/fast] Error 2

File /home/yons/imrs_pm_stereo/build/CMakeFiles/CMakeTmp/CheckSymbolExists.c:
/* */
#include <pthread.h>

int main(int argc, char** argv)
{
  (void)argv;
#ifndef pthread_create
  return ((int*)(&pthread_create))[argc];
#else
  (void)argc;
  return 0;
#endif
}

Determining if the function pthread_create exists in the pthreads failed with the following output:
Change Dir: /home/yons/imrs_pm_stereo/build/CMakeFiles/CMakeTmp

Run Build Command:"/usr/bin/make" "cmTC_f81ec/fast"
/usr/bin/make -f CMakeFiles/cmTC_f81ec.dir/build.make CMakeFiles/cmTC_f81ec.dir/build
make[1]: 进入目录“/home/yons/imrs_pm_stereo/build/CMakeFiles/CMakeTmp”
Building C object CMakeFiles/cmTC_f81ec.dir/CheckFunctionExists.c.o
/usr/bin/x86_64-linux-gnu-gcc-7   -DCHECK_FUNCTION_EXISTS=pthread_create   -o CMakeFiles/cmTC_f81ec.dir/CheckFunctionExists.c.o   -c /usr/share/cmake-3.10/Modules/CheckFunctionExists.c
Linking C executable cmTC_f81ec
/usr/bin/cmake -E cmake_link_script CMakeFiles/cmTC_f81ec.dir/link.txt --verbose=1
/usr/bin/x86_64-linux-gnu-gcc-7  -DCHECK_FUNCTION_EXISTS=pthread_create    -rdynamic CMakeFiles/cmTC_f81ec.dir/CheckFunctionExists.c.o  -o cmTC_f81ec -lpthreads 
/usr/bin/ld: 找不到 -lpthreads
collect2: error: ld returned 1 exit status
CMakeFiles/cmTC_f81ec.dir/build.make:97: recipe for target 'cmTC_f81ec' failed
make[1]: *** [cmTC_f81ec] Error 1
make[1]: 离开目录“/home/yons/imrs_pm_stereo/build/CMakeFiles/CMakeTmp”
Makefile:126: recipe for target 'cmTC_f81ec/fast' failed
make: *** [cmTC_f81ec/fast] Error 2


